==================== 2025-11-14 15:43:30.779058 | e3b4cfad-3dcc-4ac1-8254-57512d48bcfb ====================
15:43:30.779318 [info ]: Starting dbt LSP server
15:43:30.779361 [info ]: Connecting to LSP client on port 8000
15:43:30.779636 [info ]: Successfully connected to LSP client
15:43:30.779644 [info ]: Creating LSP service...
15:43:30.821984 [info ]: Creating LSP server...
15:43:30.821991 [info ]: Starting LSP server...
15:43:30.953859 [info ]: Cached model count updated: 0 models (estimate)
15:43:30.974167 [info ]: Cached model count updated: 0 models (accurate)
15:43:31.074470 [info ]: Cached model count updated: 0 models (accurate)
==================== 2025-11-17 08:25:44.785792 | a1960eb5-f8e2-487f-815a-277f8c35a6af ====================
08:25:44.786608 [info ]: Starting dbt LSP server
08:25:44.786643 [info ]: Connecting to LSP client on port 8000
08:25:44.787091 [info ]: Successfully connected to LSP client
08:25:44.787097 [info ]: Creating LSP service...
08:25:44.829259 [info ]: Creating LSP server...
08:25:44.829272 [info ]: Starting LSP server...
08:25:45.032855 [info ]: Cached model count updated: 0 models (estimate)
08:25:45.067318 [info ]: Cached model count updated: 0 models (accurate)
08:25:45.190139 [info ]: Cached model count updated: 0 models (accurate)
==================== 2025-11-17 13:47:36.207983 | 028c8d6f-d364-47ed-825a-594c6bf58568 ====================
13:47:36.208010 [info ]: Starting dbt LSP server
13:47:36.208019 [info ]: Connecting to LSP client on port 8000
13:47:36.208205 [info ]: Successfully connected to LSP client
13:47:36.208210 [info ]: Creating LSP service...
13:47:36.240104 [info ]: Creating LSP server...
13:47:36.240118 [info ]: Starting LSP server...
13:47:36.691349 [info ]: Cached model count updated: 0 models (estimate)
13:47:36.708521 [info ]: Cached model count updated: 0 models (accurate)
13:47:36.795096 [info ]: Cached model count updated: 0 models (accurate)
14:13:35.032783 [info ]: Cached model count updated: 0 models (estimate)
14:13:35.163653 [info ]: Cached model count updated: 0 models (estimate)
14:13:35.177323 [error]: dbt1060: Ignored unexpected key 'airbnb'. Try '+airbnb' instead. YAML path: 'airbnb'.
  --> dbt_project.yml:32:10
14:13:35.181173 [info ]: Cached model count updated: 0 models (accurate)
14:13:35.257858 [info ]: Cached model count updated: 0 models (accurate)
14:13:35.502105 [info ]: Cached model count updated: 0 models (estimate)
14:13:35.502640 [info ]: Cached model count updated: 0 models (accurate)
14:14:32.279859 [info ]: Cached model count updated: 0 models (estimate)
14:14:32.410950 [info ]: Cached model count updated: 0 models (estimate)
14:14:32.427172 [info ]: Cached model count updated: 0 models (accurate)
14:14:32.502171 [info ]: Cached model count updated: 0 models (accurate)
14:14:32.738975 [info ]: Cached model count updated: 0 models (estimate)
14:14:32.739226 [info ]: Cached model count updated: 0 models (accurate)
14:14:34.701558 [info ]: Cached model count updated: 0 models (estimate)
14:14:34.836047 [info ]: Cached model count updated: 0 models (estimate)
14:14:34.851438 [info ]: Cached model count updated: 0 models (accurate)
14:14:34.927124 [info ]: Cached model count updated: 0 models (accurate)
14:14:35.100496 [info ]: Cached model count updated: 0 models (estimate)
14:14:35.220670 [info ]: Cached model count updated: 0 models (estimate)
14:14:35.235629 [info ]: Cached model count updated: 0 models (accurate)
14:14:35.314693 [info ]: Cached model count updated: 0 models (accurate)
14:14:35.545154 [info ]: Cached model count updated: 0 models (estimate)
14:14:35.545411 [info ]: Cached model count updated: 0 models (accurate)
==================== 2025-11-19 14:02:07.221754 | cca6a52c-f0e2-4fef-8763-85966bdd9d5a ====================
14:02:07.221787 [info ]: Starting dbt LSP server
14:02:07.221796 [info ]: Connecting to LSP client on port 8000
14:02:07.221963 [info ]: Successfully connected to LSP client
14:02:07.221972 [info ]: Creating LSP service...
14:02:07.256188 [info ]: Creating LSP server...
14:02:07.256203 [info ]: Starting LSP server...
14:02:07.400277 [info ]: Cached model count updated: 0 models (estimate)
14:02:07.417500 [info ]: Cached model count updated: 0 models (accurate)
14:02:07.499316 [info ]: Cached model count updated: 0 models (accurate)
14:26:12.479451 [info ]: Cached model count updated: 0 models (estimate)
14:26:12.614537 [info ]: Cached model count updated: 0 models (estimate)
14:26:12.636026 [info ]: Cached model count updated: 0 models (accurate)
14:26:12.711694 [info ]: Cached model count updated: 0 models (accurate)
14:26:12.949503 [info ]: Cached model count updated: 0 models (estimate)
14:26:12.949751 [info ]: Cached model count updated: 0 models (accurate)
==================== 2025-11-28 10:11:19.026377 | 62e305b7-185a-4766-b9ae-601292be1fb3 ====================
10:11:19.027218 [info ]: Starting dbt LSP server
10:11:19.027254 [info ]: Connecting to LSP client on port 8000
10:11:19.027753 [info ]: Successfully connected to LSP client
10:11:19.027757 [info ]: Creating LSP service...
10:11:19.069173 [info ]: Creating LSP server...
10:11:19.069186 [info ]: Starting LSP server...
10:11:19.252634 [info ]: Cached model count updated: 0 models (estimate)
10:11:19.288670 [info ]: Cached model count updated: 0 models (accurate)
10:11:19.396015 [info ]: Cached model count updated: 0 models (accurate)
==================== 2025-11-28 10:22:18.599825 | 79825441-7f03-49b1-95c1-2e63052ed0ed ====================
10:22:18.600641 [info ]: Starting dbt LSP server
10:22:18.600676 [info ]: Connecting to LSP client on port 8000
10:22:18.601133 [info ]: Successfully connected to LSP client
10:22:18.601139 [info ]: Creating LSP service...
10:22:18.642787 [info ]: Creating LSP server...
10:22:18.642802 [info ]: Starting LSP server...
10:22:18.833270 [info ]: Cached model count updated: 0 models (estimate)
10:22:18.871745 [info ]: Cached model count updated: 0 models (accurate)
10:22:18.988582 [info ]: Cached model count updated: 0 models (accurate)
==================== 2025-11-28 10:45:24.655661 | db5ba594-8bc4-43cd-b57f-6cb492c3c983 ====================
10:45:24.656479 [info ]: Starting dbt LSP server
10:45:24.656513 [info ]: Connecting to LSP client on port 8000
10:45:24.656906 [info ]: Successfully connected to LSP client
10:45:24.656913 [info ]: Creating LSP service...
10:45:24.698682 [info ]: Creating LSP server...
10:45:24.698697 [info ]: Starting LSP server...
10:45:24.881801 [info ]: Cached model count updated: 0 models (estimate)
10:45:24.916832 [info ]: Cached model count updated: 0 models (accurate)
10:45:25.036568 [info ]: Cached model count updated: 0 models (accurate)
==================== 2025-12-09 14:22:54.595176 | fee69e5e-3adf-42d9-a70d-1ef83277a7b6 ====================
14:22:54.596003 [info ]: Starting dbt LSP server
14:22:54.596159 [info ]: Connecting to LSP client on port 8000
14:22:54.596586 [info ]: Successfully connected to LSP client
14:22:54.596592 [info ]: Creating LSP service...
14:22:54.638016 [info ]: Creating LSP server...
14:22:54.638028 [info ]: Starting LSP server...
14:22:54.823261 [info ]: Cached model count updated: 0 models (estimate)
14:22:54.863069 [info ]: Cached model count updated: 0 models (accurate)
14:22:54.965865 [info ]: Cached model count updated: 0 models (accurate)
14:17:45.000484 [info ]: Cached model count updated: 0 models (estimate)
14:17:45.002789 [info ]: Cached model count updated: 0 models (accurate)
